<?xml version="1.0" encoding="UTF-8"?>
<testsuite name="vacation.tracker.Employee.EmployeeApplicationTests" tests="1" skipped="0" failures="0" errors="0" timestamp="2024-08-16T15:29:12" hostname="Nemanjas-MacBook-Pro.local" time="0.521">
  <properties/>
  <testcase name="contextLoads()" classname="vacation.tracker.Employee.EmployeeApplicationTests" time="0.521"/>
  <system-out><![CDATA[17:29:08.626 [Test worker] INFO org.springframework.test.context.support.AnnotationConfigContextLoaderUtils -- Could not detect default configuration classes for test class [vacation.tracker.Employee.EmployeeApplicationTests]: EmployeeApplicationTests does not declare any static, non-private, non-final, nested classes annotated with @Configuration.
17:29:08.724 [Test worker] INFO org.springframework.boot.test.context.SpringBootTestContextBootstrapper -- Found @SpringBootConfiguration vacation.tracker.Employee.EmployeeApplication for test class vacation.tracker.Employee.EmployeeApplicationTests

  .   ____          _            __ _ _
 /\\ / ___'_ __ _ _(_)_ __  __ _ \ \ \ \
( ( )\___ | '_ | '_| | '_ \/ _` | \ \ \ \
 \\/  ___)| |_)| | | | | || (_| |  ) ) ) )
  '  |____| .__|_| |_|_| |_\__, | / / / /
 =========|_|==============|___/=/_/_/_/

 :: Spring Boot ::                (v3.3.2)

2024-08-16T17:29:09.102+02:00  INFO 17874 --- [Employee] [    Test worker] v.t.Employee.EmployeeApplicationTests    : Starting EmployeeApplicationTests using Java 21.0.4 with PID 17874 (started by nemanja in /Volumes/Data/Vacation-Tracker/Vacation-Tracker/Employee )
2024-08-16T17:29:09.104+02:00  INFO 17874 --- [Employee] [    Test worker] v.t.Employee.EmployeeApplicationTests    : No active profile set, falling back to 1 default profile: "default"
2024-08-16T17:29:09.766+02:00  INFO 17874 --- [Employee] [    Test worker] .s.d.r.c.RepositoryConfigurationDelegate : Bootstrapping Spring Data JPA repositories in DEFAULT mode.
2024-08-16T17:29:09.823+02:00  INFO 17874 --- [Employee] [    Test worker] .s.d.r.c.RepositoryConfigurationDelegate : Finished Spring Data repository scanning in 50 ms. Found 3 JPA repository interfaces.
2024-08-16T17:29:10.239+02:00  INFO 17874 --- [Employee] [    Test worker] o.hibernate.jpa.internal.util.LogHelper  : HHH000204: Processing PersistenceUnitInfo [name: default]
2024-08-16T17:29:10.285+02:00  INFO 17874 --- [Employee] [    Test worker] org.hibernate.Version                    : HHH000412: Hibernate ORM core version 6.5.2.Final
2024-08-16T17:29:10.316+02:00  INFO 17874 --- [Employee] [    Test worker] o.h.c.internal.RegionFactoryInitiator    : HHH000026: Second-level cache disabled
2024-08-16T17:29:10.605+02:00  INFO 17874 --- [Employee] [    Test worker] o.s.o.j.p.SpringPersistenceUnitInfo      : No LoadTimeWeaver setup: ignoring JPA class transformer
2024-08-16T17:29:10.628+02:00  INFO 17874 --- [Employee] [    Test worker] com.zaxxer.hikari.HikariDataSource       : HikariPool-1 - Starting...
2024-08-16T17:29:10.821+02:00  INFO 17874 --- [Employee] [    Test worker] com.zaxxer.hikari.pool.HikariPool        : HikariPool-1 - Added connection org.postgresql.jdbc.PgConnection@6f6c8d45
2024-08-16T17:29:10.823+02:00  INFO 17874 --- [Employee] [    Test worker] com.zaxxer.hikari.HikariDataSource       : HikariPool-1 - Start completed.
2024-08-16T17:29:10.859+02:00  WARN 17874 --- [Employee] [    Test worker] org.hibernate.orm.deprecation            : HHH90000025: PostgreSQLDialect does not need to be specified explicitly using 'hibernate.dialect' (remove the property setting and it will be selected by default)
2024-08-16T17:29:11.672+02:00  INFO 17874 --- [Employee] [    Test worker] o.h.e.t.j.p.i.JtaPlatformInitiator       : HHH000489: No JTA platform available (set 'hibernate.transaction.jta.platform' to enable JTA platform integration)
2024-08-16T17:29:11.756+02:00  INFO 17874 --- [Employee] [    Test worker] j.LocalContainerEntityManagerFactoryBean : Initialized JPA EntityManagerFactory for persistence unit 'default'
2024-08-16T17:29:12.356+02:00  WARN 17874 --- [Employee] [    Test worker] JpaBaseConfiguration$JpaWebConfiguration : spring.jpa.open-in-view is enabled by default. Therefore, database queries may be performed during view rendering. Explicitly configure spring.jpa.open-in-view to disable this warning
2024-08-16T17:29:12.374+02:00  WARN 17874 --- [Employee] [    Test worker] .s.s.UserDetailsServiceAutoConfiguration : 

Using generated security password: 83ab3e71-faf6-429e-acb3-eadaace908c4

This generated password is for development use only. Your security configuration must be updated before running your application in production.

2024-08-16T17:29:12.386+02:00  INFO 17874 --- [Employee] [    Test worker] r$InitializeUserDetailsManagerConfigurer : Global AuthenticationManager configured with UserDetailsService bean with name inMemoryUserDetailsManager
2024-08-16T17:29:12.920+02:00  INFO 17874 --- [Employee] [    Test worker] v.t.Employee.EmployeeApplicationTests    : Started EmployeeApplicationTests in 4.048 seconds (process running for 5.285)
]]></system-out>
  <system-err><![CDATA[WARNING: A Java agent has been loaded dynamically (/Users/nemanja/.gradle/caches/modules-2/files-2.1/net.bytebuddy/byte-buddy-agent/1.14.18/417558ea01fe9f0e8a94af28b9469d281c4e3984/byte-buddy-agent-1.14.18.jar)
WARNING: If a serviceability tool is in use, please run with -XX:+EnableDynamicAgentLoading to hide this warning
WARNING: If a serviceability tool is not in use, please run with -Djdk.instrument.traceUsage for more information
WARNING: Dynamic loading of agents will be disallowed by default in a future release
]]></system-err>
</testsuite>
